c:\users\k\desktop\gp3coursework\lab1\debug\vc141.pdb
c:\users\k\desktop\gp3coursework\lab1\debug\vc141.idb
c:\users\k\desktop\gp3coursework\lab1\debug\audio.obj
c:\users\k\desktop\gp3coursework\lab1\debug\display.obj
c:\users\k\desktop\gp3coursework\lab1\debug\main.obj
c:\users\k\desktop\gp3coursework\lab1\debug\maingame.obj
c:\users\k\desktop\gp3coursework\lab1\debug\mesh.obj
c:\users\k\desktop\gp3coursework\lab1\debug\obj_loader.obj
c:\users\k\desktop\gp3coursework\lab1\debug\shader.obj
c:\users\k\desktop\gp3coursework\lab1\debug\texture.obj
c:\users\k\desktop\gp3coursework\lab1\debug\stb_image.obj
c:\users\k\desktop\gp3coursework\lab1\debug\mygame.obj
c:\users\k\desktop\gp3coursework\lab1\debug\windowdisplay.obj
c:\users\k\desktop\gp3coursework\lab1\debug\modelmesh.obj
c:\users\k\desktop\gp3coursework\lab1\debug\modeltexture.obj
c:\users\k\desktop\gp3coursework\lab1\debug\myshader.obj
c:\users\k\desktop\gp3coursework\debug\lab1.exe
c:\users\k\desktop\gp3coursework\debug\lab1.ilk
c:\users\k\desktop\gp3coursework\debug\lab1.pdb
c:\users\k\desktop\gp3coursework\lab1\debug\lab1.tlog\cl.command.1.tlog
c:\users\k\desktop\gp3coursework\lab1\debug\lab1.tlog\cl.read.1.tlog
c:\users\k\desktop\gp3coursework\lab1\debug\lab1.tlog\cl.write.1.tlog
c:\users\k\desktop\gp3coursework\lab1\debug\lab1.tlog\link.command.1.tlog
c:\users\k\desktop\gp3coursework\lab1\debug\lab1.tlog\link.read.1.tlog
c:\users\k\desktop\gp3coursework\lab1\debug\lab1.tlog\link.write.1.tlog
